  [1m[35m (505.4ms)[0m  [1m[35mCREATE DATABASE "TaskList_development" ENCODING = 'unicode'[0m
  ↳ /Users/Tatiana/.rvm/gems/ruby-2.5.1/gems/rake-12.3.2/lib/rake/task.rb:273
  [1m[35m (495.5ms)[0m  [1m[35mCREATE DATABASE "TaskList_test" ENCODING = 'unicode'[0m
  ↳ /Users/Tatiana/.rvm/gems/ruby-2.5.1/gems/rake-12.3.2/lib/rake/task.rb:273
Started GET "/" for ::1 at 2019-04-08 14:22:17 -0700

NameError - uninitialized constant StaticPagesController:

Started POST "/__better_errors/27bd9ca938160c6d/variables" for ::1 at 2019-04-08 14:22:18 -0700
Started GET "/" for ::1 at 2019-04-08 14:23:05 -0700
Processing by Rails::WelcomeController#index as HTML
  Rendering /Users/Tatiana/.rvm/rubies/ruby-2.5.1/lib/ruby/gems/2.5.0/gems/railties-5.2.3/lib/rails/templates/rails/welcome/index.html.erb
  Rendered /Users/Tatiana/.rvm/rubies/ruby-2.5.1/lib/ruby/gems/2.5.0/gems/railties-5.2.3/lib/rails/templates/rails/welcome/index.html.erb (6.3ms)
Completed 200 OK in 46ms (Views: 21.3ms | ActiveRecord: 0.0ms)


Started GET "/tasks.html" for ::1 at 2019-04-08 14:23:11 -0700
Processing by TasksController#index as HTML
  Rendering tasks/index.html.erb within layouts/application
  Rendered tasks/index.html.erb within layouts/application (9.1ms)
Completed 500 Internal Server Error in 23ms (ActiveRecord: 0.0ms)



NoMethodError - undefined method `length' for nil:NilClass:
  app/views/tasks/index.html.erb:5:in `_app_views_tasks_index_html_erb___3556681530890210267_70193096235480'

Started POST "/__better_errors/c3dd535cb71f1828/variables" for ::1 at 2019-04-08 14:23:12 -0700
Started GET "/tasks.html" for ::1 at 2019-04-08 14:24:11 -0700
Processing by TasksController#index as HTML
  Rendering tasks/index.html.erb within layouts/application
  Rendered tasks/index.html.erb within layouts/application (0.5ms)
Completed 200 OK in 852ms (Views: 846.8ms | ActiveRecord: 0.0ms)


Started GET "/tasks.html" for ::1 at 2019-04-08 14:24:47 -0700
Processing by TasksController#index as HTML
  Rendering tasks/index.html.erb within layouts/application
  Rendered tasks/index.html.erb within layouts/application (0.4ms)
Completed 200 OK in 32ms (Views: 27.9ms | ActiveRecord: 0.0ms)


Started GET "/tasks.html" for ::1 at 2019-04-08 14:58:03 -0700
Processing by TasksController#index as HTML
  Rendering tasks/index.html.erb within layouts/application
  Rendered tasks/index.html.erb within layouts/application (0.7ms)
Completed 200 OK in 51ms (Views: 47.7ms | ActiveRecord: 0.0ms)


Started GET "/tasks.html" for ::1 at 2019-04-08 15:10:48 -0700
Processing by TasksController#index as HTML
  Rendering tasks/index.html.erb within layouts/application
  Rendered tasks/index.html.erb within layouts/application (0.5ms)
Completed 200 OK in 31ms (Views: 28.6ms | ActiveRecord: 0.0ms)


Started GET "/tasks.html" for ::1 at 2019-04-08 15:10:50 -0700
Processing by TasksController#index as HTML
  Rendering tasks/index.html.erb within layouts/application
  Rendered tasks/index.html.erb within layouts/application (0.7ms)
Completed 200 OK in 63ms (Views: 58.6ms | ActiveRecord: 0.0ms)


Started GET "/tasks.html" for ::1 at 2019-04-08 15:10:50 -0700
Processing by TasksController#index as HTML
  Rendering tasks/index.html.erb within layouts/application
  Rendered tasks/index.html.erb within layouts/application (0.5ms)
Completed 200 OK in 33ms (Views: 28.0ms | ActiveRecord: 0.0ms)


Started GET "/tasks.html" for ::1 at 2019-04-08 15:17:07 -0700
Processing by TasksController#index as HTML
  Rendering tasks/index.html.erb within layouts/application
  Rendered tasks/index.html.erb within layouts/application (0.8ms)
Completed 200 OK in 29ms (Views: 25.8ms | ActiveRecord: 0.0ms)


Started GET "/tasks/1" for ::1 at 2019-04-08 15:17:27 -0700
Processing by TasksController#show as HTML
  Parameters: {"id"=>"1"}
Completed 500 Internal Server Error in 4ms (ActiveRecord: 0.0ms)



TypeError - no implicit conversion of String into Integer:
  app/controllers/tasks_controller.rb:19:in `show'

Started POST "/__better_errors/d52fc03cd64ddc29/variables" for ::1 at 2019-04-08 15:17:28 -0700
Started GET "/tasks/1" for ::1 at 2019-04-08 15:18:38 -0700
Processing by TasksController#show as HTML
  Parameters: {"id"=>"1"}
  Rendering tasks/show.html.erb within layouts/application
  Rendered tasks/show.html.erb within layouts/application (3.8ms)
Completed 500 Internal Server Error in 15ms (ActiveRecord: 0.0ms)



NoMethodError - undefined method `[]' for nil:NilClass:
  app/views/tasks/show.html.erb:2:in `_app_views_tasks_show_html_erb__3940763686784793933_70193125053700'

Started POST "/__better_errors/2563d452e60f5451/variables" for ::1 at 2019-04-08 15:18:38 -0700
Started GET "/tasks/1" for ::1 at 2019-04-08 15:19:01 -0700
Processing by TasksController#show as HTML
  Parameters: {"id"=>"1"}
  Rendering tasks/show.html.erb within layouts/application
  Rendered tasks/show.html.erb within layouts/application (8.6ms)
Completed 500 Internal Server Error in 25ms (ActiveRecord: 0.0ms)



NoMethodError - undefined method `[]' for nil:NilClass:
  app/views/tasks/show.html.erb:2:in `_app_views_tasks_show_html_erb__3940763686784793933_70193066447740'

Started POST "/__better_errors/993c76641c7045c0/variables" for ::1 at 2019-04-08 15:19:02 -0700
Started GET "/tasks/1" for ::1 at 2019-04-08 15:20:03 -0700
Processing by TasksController#show as HTML
  Parameters: {"id"=>"1"}
  Rendering tasks/show.html.erb within layouts/application
  Rendered tasks/show.html.erb within layouts/application (6.9ms)
Completed 500 Internal Server Error in 17ms (ActiveRecord: 0.0ms)



NoMethodError - undefined method `[]' for nil:NilClass:
  app/views/tasks/show.html.erb:2:in `_app_views_tasks_show_html_erb__3940763686784793933_70193068693220'

Started POST "/__better_errors/1ae9fbc63b560779/variables" for ::1 at 2019-04-08 15:20:03 -0700
Started GET "/tasks/1" for ::1 at 2019-04-08 15:20:51 -0700
Processing by TasksController#show as HTML
  Parameters: {"id"=>"1"}
  Rendering tasks/show.html.erb within layouts/application
  Rendered tasks/show.html.erb within layouts/application (7.3ms)
Completed 500 Internal Server Error in 21ms (ActiveRecord: 0.0ms)



NoMethodError - undefined method `[]' for nil:NilClass:
  app/views/tasks/show.html.erb:2:in `_app_views_tasks_show_html_erb__3940763686784793933_70193068360400'

Started POST "/__better_errors/422711b923a02e80/variables" for ::1 at 2019-04-08 15:20:51 -0700
Started GET "/tasks/1" for ::1 at 2019-04-08 15:23:14 -0700
Processing by TasksController#show as HTML
  Parameters: {"id"=>"1"}
Completed 500 Internal Server Error in 318ms (ActiveRecord: 0.0ms)



NameError - undefined local variable or method `task_id' for #<TasksController:0x00007fae375a9960>
Did you mean?  tasks_url:
  app/controllers/tasks_controller.rb:17:in `show'

Started POST "/__better_errors/67c3b01cd72b31cd/variables" for ::1 at 2019-04-08 15:23:14 -0700
Started GET "/tasks/1" for ::1 at 2019-04-08 15:23:58 -0700
Processing by TasksController#show as HTML
  Parameters: {"id"=>"1"}
  Rendering tasks/show.html.erb within layouts/application
  Rendered tasks/show.html.erb within layouts/application (4.8ms)
Completed 500 Internal Server Error in 14ms (ActiveRecord: 0.0ms)



NoMethodError - undefined method `[]' for nil:NilClass:
  app/views/tasks/show.html.erb:2:in `_app_views_tasks_show_html_erb__3940763686784793933_70193122864300'

Started POST "/__better_errors/264cc4333174ed90/variables" for ::1 at 2019-04-08 15:23:58 -0700
Started GET "/tasks/1" for ::1 at 2019-04-08 15:24:42 -0700
Processing by TasksController#show as HTML
  Parameters: {"id"=>"1"}
  Rendering tasks/show.html.erb within layouts/application
  Rendered tasks/show.html.erb within layouts/application (6.2ms)
Completed 500 Internal Server Error in 19ms (ActiveRecord: 0.0ms)



NoMethodError - undefined method `[]' for nil:NilClass:
  app/views/tasks/show.html.erb:3:in `_app_views_tasks_show_html_erb__3940763686784793933_70193122396240'

Started POST "/__better_errors/832f0ffcd7d9f6f2/variables" for ::1 at 2019-04-08 15:24:43 -0700
Started GET "/tasks/132" for ::1 at 2019-04-08 15:29:49 -0700
Processing by TasksController#show as HTML
  Parameters: {"id"=>"132"}
  Rendering tasks/show.html.erb within layouts/application
  Rendered tasks/show.html.erb within layouts/application (8.2ms)
Completed 500 Internal Server Error in 19ms (ActiveRecord: 0.0ms)



NoMethodError - undefined method `[]' for nil:NilClass:
  app/views/tasks/show.html.erb:3:in `_app_views_tasks_show_html_erb__3940763686784793933_70193079230100'

Started POST "/__better_errors/608f00690ed039f7/variables" for ::1 at 2019-04-08 15:29:49 -0700
Started GET "/tasks/1" for ::1 at 2019-04-08 15:30:09 -0700
Processing by TasksController#show as HTML
  Parameters: {"id"=>"1"}
  Rendering tasks/show.html.erb within layouts/application
  Rendered tasks/show.html.erb within layouts/application (7.5ms)
Completed 500 Internal Server Error in 24ms (ActiveRecord: 0.0ms)



NoMethodError - undefined method `[]' for nil:NilClass:
  app/views/tasks/show.html.erb:3:in `_app_views_tasks_show_html_erb__3940763686784793933_70193123175620'

Started POST "/__better_errors/c64a3d5288d6038d/variables" for ::1 at 2019-04-08 15:30:09 -0700
Started GET "/tasks/1" for ::1 at 2019-04-08 15:35:55 -0700
Processing by TasksController#show as HTML
  Parameters: {"id"=>"1"}
  Rendering tasks/show.html.erb within layouts/application
  Rendered tasks/show.html.erb within layouts/application (4.9ms)
Completed 500 Internal Server Error in 15ms (ActiveRecord: 0.0ms)



NoMethodError - undefined method `[]' for nil:NilClass:
  app/views/tasks/show.html.erb:3:in `_app_views_tasks_show_html_erb__3940763686784793933_70193115978660'

Started POST "/__better_errors/ce5f401aa819a570/variables" for ::1 at 2019-04-08 15:35:55 -0700
Started GET "/tasks/1" for ::1 at 2019-04-08 15:45:14 -0700
Processing by TasksController#show as HTML
  Parameters: {"id"=>"1"}
  Rendering tasks/show.html.erb within layouts/application
  Rendered tasks/show.html.erb within layouts/application (4.5ms)
Completed 500 Internal Server Error in 15ms (ActiveRecord: 0.0ms)



NoMethodError - undefined method `[]' for nil:NilClass:
  app/views/tasks/show.html.erb:3:in `_app_views_tasks_show_html_erb__3940763686784793933_70193067853060'

Started POST "/__better_errors/ba1604bbc8603478/variables" for ::1 at 2019-04-08 15:45:14 -0700
Started GET "/tasks/13" for ::1 at 2019-04-08 15:45:41 -0700
Processing by TasksController#show as HTML
  Parameters: {"id"=>"13"}
Completed 404 Not Found in 1ms (ActiveRecord: 0.0ms)


Started POST "/__better_errors/ba1604bbc8603478/variables" for ::1 at 2019-04-08 15:45:44 -0700
Started GET "/tasks/0" for ::1 at 2019-04-08 15:47:50 -0700
Processing by TasksController#show as HTML
  Parameters: {"id"=>"0"}
  Rendering tasks/show.html.erb within layouts/application
  Rendered tasks/show.html.erb within layouts/application (7.2ms)
Completed 500 Internal Server Error in 25ms (ActiveRecord: 0.0ms)



NoMethodError - undefined method `[]' for nil:NilClass:
  app/views/tasks/show.html.erb:3:in `_app_views_tasks_show_html_erb__3940763686784793933_70193078710160'

Started POST "/__better_errors/e200931aee07e3c2/variables" for ::1 at 2019-04-08 15:47:50 -0700
Started POST "/__better_errors/e200931aee07e3c2/eval" for ::1 at 2019-04-08 15:48:05 -0700
